# JRE version: OpenJDK Runtime Environment 18.9 (11.0.14+9) (build 11.0.14+9-LTS)
# Java VM: OpenJDK 64-Bit Server VM 18.9 (11.0.14+9-LTS, mixed mode, tiered, compressed oops, g1 gc, windows-amd64)
Heap:
 garbage-first heap   total 262144K, used 116544K [0x00000000e0000000, 0x0000000100000000)
  region size 1024K, 86 young (88064K), 15 survivors (15360K)
 Metaspace       used 66528K, capacity 68696K, committed 68816K, reserved 315392K
  class space    used 8534K, capacity 9293K, committed 9344K, reserved 253952K
GC Heap History (18 events):
Event: 3.474 GC heap before
{Heap before GC invocations=0 (full 0):
 garbage-first heap   total 262144K, used 16384K [0x00000000e0000000, 0x0000000100000000)
  region size 1024K, 14 young (14336K), 0 survivors (0K)
 Metaspace       used 6770K, capacity 7001K, committed 7168K, reserved 262144K
  class space    used 573K, capacity 650K, committed 768K, reserved 253952K
}
Event: 3.484 GC heap after
{Heap after GC invocations=1 (full 0):
 garbage-first heap   total 262144K, used 3908K [0x00000000e0000000, 0x0000000100000000)
  region size 1024K, 2 young (2048K), 2 survivors (2048K)
 Metaspace       used 6770K, capacity 7001K, committed 7168K, reserved 262144K
  class space    used 573K, capacity 650K, committed 768K, reserved 253952K
}
Event: 9.628 GC heap before
{Heap before GC invocations=1 (full 0):
 garbage-first heap   total 262144K, used 54084K [0x00000000e0000000, 0x0000000100000000)
  region size 1024K, 47 young (48128K), 2 survivors (2048K)
 Metaspace       used 11319K, capacity 11581K, committed 11776K, reserved 266240K
  class space    used 1148K, capacity 1243K, committed 1280K, reserved 253952K
}
Event: 9.637 GC heap after
{Heap after GC invocations=2 (full 0):
 garbage-first heap   total 262144K, used 14518K [0x00000000e0000000, 0x0000000100000000)
  region size 1024K, 6 young (6144K), 6 survivors (6144K)
 Metaspace       used 11319K, capacity 11581K, committed 11776K, reserved 266240K
  class space    used 1148K, capacity 1243K, committed 1280K, reserved 253952K
}
Event: 17.889 GC heap before
{Heap before GC invocations=2 (full 0):
 garbage-first heap   total 262144K, used 56502K [0x00000000e0000000, 0x0000000100000000)
  region size 1024K, 47 young (48128K), 6 survivors (6144K)
 Metaspace       used 18887K, capacity 19356K, committed 19584K, reserved 272384K
  class space    used 2210K, capacity 2350K, committed 2432K, reserved 253952K
}
Event: 17.918 GC heap after
{Heap after GC invocations=3 (full 0):
 garbage-first heap   total 262144K, used 17196K [0x00000000e0000000, 0x0000000100000000)
  region size 1024K, 3 young (3072K), 3 survivors (3072K)
 Metaspace       used 18887K, capacity 19356K, committed 19584K, reserved 272384K
  class space    used 2210K, capacity 2350K, committed 2432K, reserved 253952K
}
Event: 18.739 GC heap before
{Heap before GC invocations=3 (full 0):
 garbage-first heap   total 262144K, used 36652K [0x00000000e0000000, 0x0000000100000000)
  region size 1024K, 23 young (23552K), 3 survivors (3072K)
 Metaspace       used 20785K, capacity 21160K, committed 21296K, reserved 274432K
  class space    used 2513K, capacity 2652K, committed 2688K, reserved 253952K
}
Event: 18.747 GC heap after
{Heap after GC invocations=4 (full 0):
 garbage-first heap   total 262144K, used 17942K [0x00000000e0000000, 0x0000000100000000)
  region size 1024K, 4 young (4096K), 4 survivors (4096K)
 Metaspace       used 20785K, capacity 21160K, committed 21296K, reserved 274432K
  class space    used 2513K, capacity 2652K, committed 2688K, reserved 253952K
}
Event: 22.018 GC heap before
{Heap before GC invocations=5 (full 0):
 garbage-first heap   total 262144K, used 68118K [0x00000000e0000000, 0x0000000100000000)
  region size 1024K, 53 young (54272K), 4 survivors (4096K)
 Metaspace       used 25963K, capacity 26604K, committed 26800K, reserved 278528K
  class space    used 3348K, capacity 3582K, committed 3584K, reserved 253952K
}
Event: 22.036 GC heap after
{Heap after GC invocations=6 (full 0):
 garbage-first heap   total 262144K, used 19539K [0x00000000e0000000, 0x0000000100000000)
  region size 1024K, 6 young (6144K), 6 survivors (6144K)
 Metaspace       used 25963K, capacity 26604K, committed 26800K, reserved 278528K
  class space    used 3348K, capacity 3582K, committed 3584K, reserved 253952K
}
Event: 26.441 GC heap before
{Heap before GC invocations=6 (full 0):
 garbage-first heap   total 262144K, used 93267K [0x00000000e0000000, 0x0000000100000000)
  region size 1024K, 79 young (80896K), 6 survivors (6144K)
 Metaspace       used 34974K, capacity 35827K, committed 35920K, reserved 286720K
  class space    used 4552K, capacity 4855K, committed 4864K, reserved 253952K
}
Event: 26.462 GC heap after
{Heap after GC invocations=7 (full 0):
 garbage-first heap   total 262144K, used 22909K [0x00000000e0000000, 0x0000000100000000)
  region size 1024K, 9 young (9216K), 9 survivors (9216K)
 Metaspace       used 34974K, capacity 35827K, committed 35920K, reserved 286720K
  class space    used 4552K, capacity 4855K, committed 4864K, reserved 253952K
}
Event: 34.370 GC heap before
{Heap before GC invocations=8 (full 0):
 garbage-first heap   total 262144K, used 173437K [0x00000000e0000000, 0x0000000100000000)
  region size 1024K, 153 young (156672K), 9 survivors (9216K)
 Metaspace       used 48424K, capacity 49615K, committed 49840K, reserved 299008K
  class space    used 6191K, capacity 6648K, committed 6656K, reserved 253952K
}
Event: 34.470 GC heap after
{Heap after GC invocations=9 (full 0):
 garbage-first heap   total 262144K, used 31124K [0x00000000e0000000, 0x0000000100000000)
  region size 1024K, 17 young (17408K), 17 survivors (17408K)
 Metaspace       used 48424K, capacity 49615K, committed 49840K, reserved 299008K
  class space    used 6191K, capacity 6648K, committed 6656K, reserved 253952K
}
Event: 44.507 GC heap before
{Heap before GC invocations=9 (full 0):
 garbage-first heap   total 262144K, used 104852K [0x00000000e0000000, 0x0000000100000000)
  region size 1024K, 90 young (92160K), 17 survivors (17408K)
 Metaspace       used 58827K, capacity 60258K, committed 60336K, reserved 307200K
  class space    used 7540K, capacity 8116K, committed 8192K, reserved 253952K
}
Event: 44.624 GC heap after
{Heap after GC invocations=10 (full 0):
 garbage-first heap   total 262144K, used 36597K [0x00000000e0000000, 0x0000000100000000)
  region size 1024K, 14 young (14336K), 14 survivors (14336K)
 Metaspace       used 58827K, capacity 60258K, committed 60336K, reserved 307200K
  class space    used 7540K, capacity 8116K, committed 8192K, reserved 253952K
}
Event: 68.069 GC heap before
{Heap before GC invocations=11 (full 0):
 garbage-first heap   total 262144K, used 177909K [0x00000000e0000000, 0x0000000100000000)
  region size 1024K, 153 young (156672K), 14 survivors (14336K)
 Metaspace       used 65614K, capacity 67658K, committed 67792K, reserved 313344K
  class space    used 8488K, capacity 9232K, committed 9344K, reserved 253952K
}
Event: 68.318 GC heap after
{Heap after GC invocations=12 (full 0):
 garbage-first heap   total 262144K, used 45888K [0x00000000e0000000, 0x0000000100000000)
  region size 1024K, 15 young (15360K), 15 survivors (15360K)
 Metaspace       used 65614K, capacity 67658K, committed 67792K, reserved 313344K
  class space    used 8488K, capacity 9232K, committed 9344K, reserved 253952K
}

